{
  "stats": {
    "suites": 2,
    "tests": 5,
    "passes": 3,
    "pending": 0,
    "failures": 2,
    "start": "2025-01-16T05:17:15.838Z",
    "end": "2025-01-16T05:19:15.511Z",
    "duration": 119673,
    "testsRegistered": 5,
    "passPercent": 60,
    "pendingPercent": 0,
    "other": 0,
    "hasOther": false,
    "skipped": 0,
    "hasSkipped": false
  },
  "results": [
    {
      "uuid": "34d27a71-7eaa-45e7-9965-06b9d4f19697",
      "title": "",
      "fullFile": "cypress\\e2e\\Auth\\Authentication.cy.js",
      "file": "cypress\\e2e\\Auth\\Authentication.cy.js",
      "beforeHooks": [],
      "afterHooks": [],
      "tests": [],
      "suites": [
        {
          "uuid": "76496f52-275f-473c-91e1-f393c2caebee",
          "title": "SCR-CA-01 - Create Account",
          "fullFile": "",
          "file": "",
          "beforeHooks": [],
          "afterHooks": [],
          "tests": [
            {
              "title": "TC-CA-01 - Create Account With valid test data",
              "fullTitle": "SCR-CA-01 - Create Account TC-CA-01 - Create Account With valid test data",
              "timedOut": null,
              "duration": 40992,
              "state": "passed",
              "speed": "slow",
              "pass": true,
              "fail": false,
              "pending": false,
              "context": null,
              "code": "_SignupPage.default.click_signup();\ncy.wait(1000);\n_SignupPage.default.enter_firstname(_signupData.default.validData.firstname);\n_SignupPage.default.enter_lastname(_signupData.default.validData.lastname);\n_SignupPage.default.enter_email(_signupData.default.validData.email);\n_SignupPage.default.enter_password(_signupData.default.validData.password);\n_SignupPage.default.enter_passwordCOnfirmation(_signupData.default.validData.password);\n_SignupPage.default.click_createAccount();",
              "err": {},
              "uuid": "47d9e748-8aff-44fd-a5f9-d93eb247b9ae",
              "parentUUID": "76496f52-275f-473c-91e1-f393c2caebee",
              "isHook": false,
              "skipped": false
            }
          ],
          "suites": [],
          "passes": [
            "47d9e748-8aff-44fd-a5f9-d93eb247b9ae"
          ],
          "failures": [],
          "pending": [],
          "skipped": [],
          "duration": 40992,
          "root": false,
          "rootEmpty": false,
          "_timeout": 2000
        },
        {
          "uuid": "1683a3fc-51b1-42e1-8a04-a0b6254f9076",
          "title": "SCR-LGN-01 - Login To The System",
          "fullFile": "",
          "file": "",
          "beforeHooks": [],
          "afterHooks": [],
          "tests": [
            {
              "title": "TC-LGN-01 - Login with valid account",
              "fullTitle": "SCR-LGN-01 - Login To The System TC-LGN-01 - Login with valid account",
              "timedOut": null,
              "duration": 12504,
              "state": "passed",
              "speed": "slow",
              "pass": true,
              "fail": false,
              "pending": false,
              "context": null,
              "code": "_LoginPage.default.enter_email(_loginData.default.validAccount.email);\n_LoginPage.default.enter_password(_loginData.default.validAccount.password);\n_LoginPage.default.click_loginButton();",
              "err": {},
              "uuid": "0aa26ef1-11a7-4b74-85f3-a81946b529bd",
              "parentUUID": "1683a3fc-51b1-42e1-8a04-a0b6254f9076",
              "isHook": false,
              "skipped": false
            },
            {
              "title": "TC-LGN-02 - Login with invalid account",
              "fullTitle": "SCR-LGN-01 - Login To The System TC-LGN-02 - Login with invalid account",
              "timedOut": null,
              "duration": 30158,
              "state": "passed",
              "speed": "slow",
              "pass": true,
              "fail": false,
              "pending": false,
              "context": null,
              "code": "_LoginPage.default.enter_email(_loginData.default.invalidAccount.email);\n_LoginPage.default.enter_password(_loginData.default.validAccount.password);\n_LoginPage.default.click_loginButton();\n_LoginPage.default.account_notFound(_loginData.default.incorrectMessage.message);",
              "err": {},
              "uuid": "dd9d9443-a43c-4b05-b760-438bb296f6b3",
              "parentUUID": "1683a3fc-51b1-42e1-8a04-a0b6254f9076",
              "isHook": false,
              "skipped": false
            },
            {
              "title": "TC-LGN-03 - Login without fill the password form",
              "fullTitle": "SCR-LGN-01 - Login To The System TC-LGN-03 - Login without fill the password form",
              "timedOut": null,
              "duration": 21786,
              "state": "failed",
              "speed": null,
              "pass": false,
              "fail": true,
              "pending": false,
              "context": "{\n  \"title\": \"cypress-mochawesome-reporter-screenshots\",\n  \"value\": [\n    [\n      \"\\\\Authentication.cy.js\\\\SCR-LGN-01 - Login To The System -- TC-LGN-03 - Login without fill the password form (failed).png\"\n    ]\n  ]\n}",
              "code": "_LoginPage.default.enter_email(_loginData.default.validAccount.email);\n//LoginPage.enter_password(loginData.validAccount.password);\n_LoginPage.default.click_loginButton();\n_LoginPage.default.password_errormessage(_loginData.default.errorMessage.message);",
              "err": {
                "message": "AssertionError: Timed out retrying after 4000ms: Expected to find element: `#pass-error`, but never found it.",
                "estack": "AssertionError: Timed out retrying after 4000ms: Expected to find element: `#pass-error`, but never found it.\n    at LoginPage.password_errormessage (webpack:///./cypress/pageObject/auth/LoginPage.js:20:30)\n    at Context.eval (webpack:///./cypress/e2e/Auth/Authentication.cy.js:40:16)",
                "diff": null
              },
              "uuid": "d0f17a44-9a70-4ff1-af39-137029f1f35d",
              "parentUUID": "1683a3fc-51b1-42e1-8a04-a0b6254f9076",
              "isHook": false,
              "skipped": false
            },
            {
              "title": "TC-LGN-04 - Login without fill email and password form",
              "fullTitle": "SCR-LGN-01 - Login To The System TC-LGN-04 - Login without fill email and password form",
              "timedOut": null,
              "duration": 13323,
              "state": "failed",
              "speed": null,
              "pass": false,
              "fail": true,
              "pending": false,
              "context": "{\n  \"title\": \"cypress-mochawesome-reporter-screenshots\",\n  \"value\": [\n    [\n      \"\\\\Authentication.cy.js\\\\SCR-LGN-01 - Login To The System -- TC-LGN-04 - Login without fill email and password form (failed).png\"\n    ]\n  ]\n}",
              "code": "_LoginPage.default.click_loginButton();\n_LoginPage.default.emailpassword_errorMessage(_loginData.default.emailpassword_required);",
              "err": {
                "message": "AssertionError: Timed out retrying after 4000ms: Expected to find element: `.message-error`, but never found it.",
                "estack": "AssertionError: Timed out retrying after 4000ms: Expected to find element: `.message-error`, but never found it.\n    at LoginPage.emailpassword_errorMessage (webpack:///./cypress/pageObject/auth/LoginPage.js:26:33)\n    at Context.eval (webpack:///./cypress/e2e/Auth/Authentication.cy.js:44:16)",
                "diff": null
              },
              "uuid": "4a293fdd-5d5f-4fb5-bc7e-a73438e4da2b",
              "parentUUID": "1683a3fc-51b1-42e1-8a04-a0b6254f9076",
              "isHook": false,
              "skipped": false
            }
          ],
          "suites": [],
          "passes": [
            "0aa26ef1-11a7-4b74-85f3-a81946b529bd",
            "dd9d9443-a43c-4b05-b760-438bb296f6b3"
          ],
          "failures": [
            "d0f17a44-9a70-4ff1-af39-137029f1f35d",
            "4a293fdd-5d5f-4fb5-bc7e-a73438e4da2b"
          ],
          "pending": [],
          "skipped": [],
          "duration": 77771,
          "root": false,
          "rootEmpty": false,
          "_timeout": 2000
        }
      ],
      "passes": [],
      "failures": [],
      "pending": [],
      "skipped": [],
      "duration": 0,
      "root": true,
      "rootEmpty": true,
      "_timeout": 2000
    }
  ],
  "meta": {
    "mocha": {
      "version": "7.0.1"
    },
    "mochawesome": {
      "options": {
        "quiet": false,
        "reportFilename": "mochawesome",
        "saveHtml": true,
        "saveJson": true,
        "consoleReporter": "spec",
        "useInlineDiffs": false,
        "code": true
      },
      "version": "7.1.3"
    },
    "marge": {
      "options": {
        "reportDir": "cypress/reports",
        "overwrite": false,
        "html": true,
        "json": true
      },
      "version": "6.2.0"
    }
  }
}