{
  "stats": {
    "suites": 2,
    "tests": 5,
    "passes": 3,
    "pending": 0,
    "failures": 2,
    "start": "2025-01-17T10:18:14.960Z",
    "end": "2025-01-17T10:20:09.193Z",
    "duration": 114233,
    "testsRegistered": 5,
    "passPercent": 60,
    "pendingPercent": 0,
    "other": 0,
    "hasOther": false,
    "skipped": 0,
    "hasSkipped": false
  },
  "results": [
    {
      "uuid": "5518776b-3974-4964-b309-f2f7fa664d81",
      "title": "",
      "fullFile": "cypress\\e2e\\Auth\\Authentication.cy.js",
      "file": "cypress\\e2e\\Auth\\Authentication.cy.js",
      "beforeHooks": [],
      "afterHooks": [],
      "tests": [],
      "suites": [
        {
          "uuid": "10c4fec3-3b71-4981-8574-bbe2dbb0026f",
          "title": "SCR-CA-01 - Create Account",
          "fullFile": "",
          "file": "",
          "beforeHooks": [],
          "afterHooks": [],
          "tests": [
            {
              "title": "TC-CA-01 - Create Account With valid test data",
              "fullTitle": "SCR-CA-01 - Create Account TC-CA-01 - Create Account With valid test data",
              "timedOut": null,
              "duration": 34997,
              "state": "passed",
              "speed": "slow",
              "pass": true,
              "fail": false,
              "pending": false,
              "context": null,
              "code": "_SignupPage.default.click_signup();\ncy.wait(1000);\n_SignupPage.default.enter_firstname(_signupData.default.validData.firstname);\n_SignupPage.default.enter_lastname(_signupData.default.validData.lastname);\n_SignupPage.default.enter_email(_signupData.default.validData.email);\n_SignupPage.default.enter_password(_signupData.default.validData.password);\n_SignupPage.default.enter_passwordCOnfirmation(_signupData.default.validData.password);\n_SignupPage.default.click_createAccount();",
              "err": {},
              "uuid": "07d36604-cad8-4be9-9a80-25bf1a439588",
              "parentUUID": "10c4fec3-3b71-4981-8574-bbe2dbb0026f",
              "isHook": false,
              "skipped": false
            }
          ],
          "suites": [],
          "passes": [
            "07d36604-cad8-4be9-9a80-25bf1a439588"
          ],
          "failures": [],
          "pending": [],
          "skipped": [],
          "duration": 34997,
          "root": false,
          "rootEmpty": false,
          "_timeout": 2000
        },
        {
          "uuid": "1a5879c8-f9ab-447c-b252-3becc38c5deb",
          "title": "SCR-LGN-01 - Login To The System",
          "fullFile": "",
          "file": "",
          "beforeHooks": [],
          "afterHooks": [],
          "tests": [
            {
              "title": "TC-LGN-01 - Login with valid account",
              "fullTitle": "SCR-LGN-01 - Login To The System TC-LGN-01 - Login with valid account",
              "timedOut": null,
              "duration": 11231,
              "state": "passed",
              "speed": "slow",
              "pass": true,
              "fail": false,
              "pending": false,
              "context": null,
              "code": "_LoginPage.default.enter_email(_loginData.default.validAccount.email);\n_LoginPage.default.enter_password(_loginData.default.validAccount.password);\n_LoginPage.default.click_loginButton();",
              "err": {},
              "uuid": "18175c3e-8b58-4948-b2d3-2bcb0875ed78",
              "parentUUID": "1a5879c8-f9ab-447c-b252-3becc38c5deb",
              "isHook": false,
              "skipped": false
            },
            {
              "title": "TC-LGN-02 - Login with invalid account",
              "fullTitle": "SCR-LGN-01 - Login To The System TC-LGN-02 - Login with invalid account",
              "timedOut": null,
              "duration": 36299,
              "state": "passed",
              "speed": "slow",
              "pass": true,
              "fail": false,
              "pending": false,
              "context": null,
              "code": "_LoginPage.default.enter_email(_loginData.default.invalidAccount.email);\n_LoginPage.default.enter_password(_loginData.default.validAccount.password);\n_LoginPage.default.click_loginButton();\n_LoginPage.default.account_notFound(_loginData.default.incorrectMessage.message);",
              "err": {},
              "uuid": "c99c8aa4-1a8e-4bef-83ae-9e49cd8b8d8d",
              "parentUUID": "1a5879c8-f9ab-447c-b252-3becc38c5deb",
              "isHook": false,
              "skipped": false
            },
            {
              "title": "TC-LGN-03 - Login without fill the password form",
              "fullTitle": "SCR-LGN-01 - Login To The System TC-LGN-03 - Login without fill the password form",
              "timedOut": null,
              "duration": 15091,
              "state": "failed",
              "speed": null,
              "pass": false,
              "fail": true,
              "pending": false,
              "context": "{\n  \"title\": \"cypress-mochawesome-reporter-screenshots\",\n  \"value\": [\n    [\n      \"\\\\Authentication.cy.js\\\\SCR-LGN-01 - Login To The System -- TC-LGN-03 - Login without fill the password form (failed).png\"\n    ]\n  ]\n}",
              "code": "_LoginPage.default.enter_email(_loginData.default.validAccount.email);\n//LoginPage.enter_password(loginData.validAccount.password);\n_LoginPage.default.click_loginButton();\n_LoginPage.default.password_errormessage(_loginData.default.errorMessage.message);",
              "err": {
                "message": "AssertionError: Timed out retrying after 4000ms: Expected to find element: `#pass-error`, but never found it.",
                "estack": "AssertionError: Timed out retrying after 4000ms: Expected to find element: `#pass-error`, but never found it.\n    at LoginPage.password_errormessage (webpack:///./cypress/pageObject/auth/LoginPage.js:20:30)\n    at Context.eval (webpack:///./cypress/e2e/Auth/Authentication.cy.js:40:16)",
                "diff": null
              },
              "uuid": "be5ca710-1f23-4e11-9b24-8a99d1913f26",
              "parentUUID": "1a5879c8-f9ab-447c-b252-3becc38c5deb",
              "isHook": false,
              "skipped": false
            },
            {
              "title": "TC-LGN-04 - Login without fill email and password form",
              "fullTitle": "SCR-LGN-01 - Login To The System TC-LGN-04 - Login without fill email and password form",
              "timedOut": null,
              "duration": 15822,
              "state": "failed",
              "speed": null,
              "pass": false,
              "fail": true,
              "pending": false,
              "context": "{\n  \"title\": \"cypress-mochawesome-reporter-screenshots\",\n  \"value\": [\n    [\n      \"\\\\Authentication.cy.js\\\\SCR-LGN-01 - Login To The System -- TC-LGN-04 - Login without fill email and password form (failed).png\"\n    ]\n  ]\n}",
              "code": "cy.wait(1000);\n_LoginPage.default.click_loginButton();\n_LoginPage.default.email_errormessage(_loginData.default.errorMessage.message);\n_LoginPage.default.password_errormessage(_loginData.default.errorMessage.message);",
              "err": {
                "message": "AssertionError: Timed out retrying after 4000ms: Expected to find element: `#email-error`, but never found it.",
                "estack": "AssertionError: Timed out retrying after 4000ms: Expected to find element: `#email-error`, but never found it.\n    at LoginPage.email_errormessage (webpack:///./cypress/pageObject/auth/LoginPage.js:17:31)\n    at Context.eval (webpack:///./cypress/e2e/Auth/Authentication.cy.js:45:16)",
                "diff": null
              },
              "uuid": "64434b56-99fd-494a-80c6-811847eff085",
              "parentUUID": "1a5879c8-f9ab-447c-b252-3becc38c5deb",
              "isHook": false,
              "skipped": false
            }
          ],
          "suites": [],
          "passes": [
            "18175c3e-8b58-4948-b2d3-2bcb0875ed78",
            "c99c8aa4-1a8e-4bef-83ae-9e49cd8b8d8d"
          ],
          "failures": [
            "be5ca710-1f23-4e11-9b24-8a99d1913f26",
            "64434b56-99fd-494a-80c6-811847eff085"
          ],
          "pending": [],
          "skipped": [],
          "duration": 78443,
          "root": false,
          "rootEmpty": false,
          "_timeout": 2000
        }
      ],
      "passes": [],
      "failures": [],
      "pending": [],
      "skipped": [],
      "duration": 0,
      "root": true,
      "rootEmpty": true,
      "_timeout": 2000
    }
  ],
  "meta": {
    "mocha": {
      "version": "7.0.1"
    },
    "mochawesome": {
      "options": {
        "quiet": false,
        "reportFilename": "mochawesome",
        "saveHtml": true,
        "saveJson": true,
        "consoleReporter": "spec",
        "useInlineDiffs": false,
        "code": true
      },
      "version": "7.1.3"
    },
    "marge": {
      "options": {
        "reportDir": "cypress/reports",
        "overwrite": false,
        "html": true,
        "json": true
      },
      "version": "6.2.0"
    }
  }
}